<?xml version="1.0" encoding="UTF-8"?>
<!-- Generated by org.testng.reporters.JUnitXMLReporter -->
<testsuite ignored="0" hostname="nayananks-air.kih.kmart.com" failures="0" tests="3" name="test" time="44.488" errors="0" timestamp="14 Mar 2019 19:48:55 GMT">
  <testcase classname="tests.KenmoreOvenProductTest" name="testOvenOfflineScenario" time="1.035"/>
  <testcase classname="tests.KenmoreOvenProductTest" name="testOvenOnlineScenario" time="2.01"/>
  <testcase classname="tests.KenmoreOvenProductTest" name="testOvenSettings" time="19.721"/>
</testsuite> <!-- test -->
